<?xml version="1.0" encoding="UTF-8"?>
<testsuite name="com.example.chess.ChessThreatTest" tests="2" skipped="0" failures="0" errors="0" timestamp="2024-03-01T17:55:37" hostname="deb1" time="0.002">
  <properties/>
  <testcase name="testIsKingUnderThreat_RookAttack" classname="com.example.chess.ChessThreatTest" time="0.002"/>
  <testcase name="testIsKingUnderThreat_RookBishopBlock" classname="com.example.chess.ChessThreatTest" time="0.0"/>
  <system-out><![CDATA[]]></system-out>
  <system-err><![CDATA[]]></system-err>
</testsuite>
