<?xml version="1.0" encoding="UTF-8"?>
<testsuite name="com.example.chess.BishopTest" tests="1" skipped="0" failures="0" errors="0" timestamp="2024-03-01T17:55:37" hostname="deb1" time="0.0">
  <properties/>
  <testcase name="testCanAttack" classname="com.example.chess.BishopTest" time="0.0"/>
  <system-out><![CDATA[]]></system-out>
  <system-err><![CDATA[]]></system-err>
</testsuite>
