<?xml version="1.0" encoding="UTF-8"?>
<testsuite name="com.example.chess.BishopTest" tests="1" skipped="0" failures="0" errors="0" timestamp="2024-04-12T17:59:43" hostname="deb1" time="0.001">
  <properties/>
  <testcase name="testCanAttack" classname="com.example.chess.BishopTest" time="0.001"/>
  <system-out><![CDATA[]]></system-out>
  <system-err><![CDATA[]]></system-err>
</testsuite>
